<?xml version="1.0" encoding="UTF-8"?>
<testng-results skipped="0" failed="0" ignored="0" total="1" passed="1">
  <reporter-output>
  </reporter-output>
  <suite name="Default suite" duration-ms="33028" started-at="2021-09-27T06:21:26Z" finished-at="2021-09-27T06:21:59Z">
    <groups>
    </groups>
    <test name="Default test" duration-ms="33028" started-at="2021-09-27T06:21:26Z" finished-at="2021-09-27T06:21:59Z">
      <class name="loginTests.UdemyLogin">
        <test-method status="PASS" signature="beforeTest()[pri:0, instance:loginTests.UdemyLogin@475530b9]" name="beforeTest" is-config="true" duration-ms="16468" started-at="2021-09-27T06:21:26Z" finished-at="2021-09-27T06:21:42Z">
          <reporter-output>
          </reporter-output>
        </test-method> <!-- beforeTest -->
        <test-method status="PASS" signature="doLogin()[pri:0, instance:loginTests.UdemyLogin@475530b9]" name="doLogin" duration-ms="14238" started-at="2021-09-27T06:21:43Z" finished-at="2021-09-27T06:21:57Z">
          <reporter-output>
          </reporter-output>
        </test-method> <!-- doLogin -->
        <test-method status="PASS" signature="afterTest()[pri:0, instance:loginTests.UdemyLogin@475530b9]" name="afterTest" is-config="true" duration-ms="2007" started-at="2021-09-27T06:21:57Z" finished-at="2021-09-27T06:21:59Z">
          <reporter-output>
          </reporter-output>
        </test-method> <!-- afterTest -->
      </class> <!-- loginTests.UdemyLogin -->
    </test> <!-- Default test -->
  </suite> <!-- Default suite -->
</testng-results>
